<?xml version="1.0" encoding="UTF-8"?>
<!-- Generated by org.testng.reporters.JUnitReportReporter -->
<testsuite hostname="DESKTOP-VM4G1KR" failures="0" tests="2" name="appTest.AppTest" time="0.021" errors="0" timestamp="13 Oct 2021 09:35:39 GMT" skipped="0">
  <testcase classname="appTest.AppTest" name="loginTestInvalidCreds" time="0.020"/>
  <testcase classname="appTest.AppTest" name="loginTestValidCreds" time="0.001"/>
</testsuite> <!-- appTest.AppTest -->
