<?xml version="1.0" encoding="UTF-8"?>
<!-- Generated by org.testng.reporters.JUnitReportReporter -->
<testsuite hostname="DESKTOP-VM4G1KR" failures="0" tests="1" name="appTest.SeleniumDev" time="2.453" errors="0" timestamp="13 Oct 2021 09:35:39 GMT" skipped="0">
  <testcase classname="appTest.SeleniumDev" name="titleTest" time="2.453"/>
</testsuite> <!-- appTest.SeleniumDev -->
